2023-01-03 14:15:12,565 :: INFO     :: [58961]MainProcess :: MainThread[4676855296] :: /Users/hjavedani/Documents/zoish/zoish/feature_selectors/recursive_feature_elimination.py :: 13 :: Recursive Feature Elimination Feature Selector has started !
2023-01-03 14:15:13,948 :: INFO     :: [58961]MainProcess :: MainThread[4676855296] :: /Users/hjavedani/Documents/zoish/zoish/base_classes/best_estimator_getters.py :: 325 :: Building Best Estimator by Optuna !
2023-01-03 14:17:31,807 :: INFO     :: [59042]MainProcess :: MainThread[4513961472] :: /Users/hjavedani/Documents/zoish/zoish/feature_selectors/recursive_feature_elimination.py :: 13 :: Recursive Feature Elimination Feature Selector has started !
2023-01-03 14:17:33,168 :: INFO     :: [59042]MainProcess :: MainThread[4513961472] :: /Users/hjavedani/Documents/zoish/zoish/base_classes/best_estimator_getters.py :: 325 :: Building Best Estimator by Optuna !
2023-01-03 14:35:07,163 :: INFO     :: [59327]MainProcess :: MainThread[4594701824] :: /Users/hjavedani/Documents/zoish/zoish/feature_selectors/recursive_feature_elimination.py :: 13 :: Recursive Feature Elimination Feature Selector has started !
2023-01-03 14:35:08,045 :: INFO     :: [59327]MainProcess :: MainThread[4594701824] :: /Users/hjavedani/Documents/zoish/zoish/base_classes/best_estimator_getters.py :: 325 :: Building Best Estimator by Optuna !
2023-01-03 14:35:33,010 :: INFO     :: [59343]MainProcess :: MainThread[4465772032] :: /Users/hjavedani/Documents/zoish/zoish/feature_selectors/recursive_feature_elimination.py :: 13 :: Recursive Feature Elimination Feature Selector has started !
2023-01-03 14:35:33,978 :: INFO     :: [59343]MainProcess :: MainThread[4465772032] :: /Users/hjavedani/Documents/zoish/zoish/base_classes/best_estimator_getters.py :: 325 :: Building Best Estimator by Optuna !
2023-01-03 14:37:48,028 :: INFO     :: [59371]MainProcess :: MainThread[4588393984] :: /Users/hjavedani/Documents/zoish/zoish/feature_selectors/recursive_feature_elimination.py :: 13 :: Recursive Feature Elimination Feature Selector has started !
2023-01-03 14:37:48,896 :: INFO     :: [59371]MainProcess :: MainThread[4588393984] :: /Users/hjavedani/Documents/zoish/zoish/base_classes/best_estimator_getters.py :: 325 :: Building Best Estimator by Optuna !
2023-01-03 14:37:50,498 :: ERROR    :: [59371]MainProcess :: MainThread[4588393984] :: /Users/hjavedani/Documents/zoish/zoish/feature_selectors/recursive_feature_elimination.py :: 106 :: plot can not be saved in ../plots/single_optuna_search_classification_3 becuase of [Errno 2] No such file or directory: '../plots/single_optuna_search_classification_3.png'
2023-01-03 14:38:09,131 :: INFO     :: [59396]MainProcess :: MainThread[4604212736] :: /Users/hjavedani/Documents/zoish/zoish/feature_selectors/recursive_feature_elimination.py :: 13 :: Recursive Feature Elimination Feature Selector has started !
2023-01-03 14:38:10,031 :: INFO     :: [59396]MainProcess :: MainThread[4604212736] :: /Users/hjavedani/Documents/zoish/zoish/base_classes/best_estimator_getters.py :: 325 :: Building Best Estimator by Optuna !
2023-01-03 14:38:12,100 :: ERROR    :: [59396]MainProcess :: MainThread[4604212736] :: /Users/hjavedani/Documents/zoish/zoish/feature_selectors/recursive_feature_elimination.py :: 106 :: plot can not be saved in ../plots/single_optuna_search_classification_3 becuase of [Errno 2] No such file or directory: '../plots/single_optuna_search_classification_3.png'
2023-01-03 14:39:38,900 :: INFO     :: [59510]MainProcess :: MainThread[4666349056] :: /Users/hjavedani/Documents/zoish/zoish/feature_selectors/recursive_feature_elimination.py :: 13 :: Recursive Feature Elimination Feature Selector has started !
2023-01-03 14:39:39,821 :: INFO     :: [59510]MainProcess :: MainThread[4666349056] :: /Users/hjavedani/Documents/zoish/zoish/base_classes/best_estimator_getters.py :: 325 :: Building Best Estimator by Optuna !
2023-01-03 14:39:42,940 :: ERROR    :: [59510]MainProcess :: MainThread[4666349056] :: /Users/hjavedani/Documents/zoish/zoish/feature_selectors/recursive_feature_elimination.py :: 106 :: plot can not be saved in ../plots/single_optuna_search_classification_3 becuase of [Errno 2] No such file or directory: '../plots/single_optuna_search_classification_3.png'
2023-01-03 14:42:07,133 :: INFO     :: [59567]MainProcess :: MainThread[4503393792] :: /Users/hjavedani/Documents/zoish/zoish/feature_selectors/recursive_feature_elimination.py :: 13 :: Recursive Feature Elimination Feature Selector has started !
2023-01-03 14:42:08,073 :: INFO     :: [59567]MainProcess :: MainThread[4503393792] :: /Users/hjavedani/Documents/zoish/zoish/base_classes/best_estimator_getters.py :: 325 :: Building Best Estimator by Optuna !
2023-01-03 14:42:11,291 :: ERROR    :: [59567]MainProcess :: MainThread[4503393792] :: /Users/hjavedani/Documents/zoish/zoish/feature_selectors/recursive_feature_elimination.py :: 106 :: plot can not be saved in ../plots/single_optuna_search_classification_3 becuase of [Errno 2] No such file or directory: '../plots/single_optuna_search_classification_3.png'
2023-01-03 14:45:01,497 :: INFO     :: [59702]MainProcess :: MainThread[4787824128] :: /Users/hjavedani/Documents/zoish/zoish/feature_selectors/recursive_feature_elimination.py :: 13 :: Recursive Feature Elimination Feature Selector has started !
2023-01-03 14:45:02,825 :: INFO     :: [59702]MainProcess :: MainThread[4787824128] :: /Users/hjavedani/Documents/zoish/zoish/base_classes/best_estimator_getters.py :: 325 :: Building Best Estimator by Optuna !
2023-01-03 14:51:10,472 :: INFO     :: [59823]MainProcess :: MainThread[4669810176] :: /Users/hjavedani/Documents/zoish/zoish/feature_selectors/recursive_feature_elimination.py :: 13 :: Recursive Feature Elimination Feature Selector has started !
2023-01-03 14:51:25,316 :: INFO     :: [59850]MainProcess :: MainThread[4319053312] :: /Users/hjavedani/Documents/zoish/zoish/feature_selectors/recursive_feature_elimination.py :: 13 :: Recursive Feature Elimination Feature Selector has started !
2023-01-03 14:51:26,655 :: INFO     :: [59850]MainProcess :: MainThread[4319053312] :: /Users/hjavedani/Documents/zoish/zoish/base_classes/best_estimator_getters.py :: 325 :: Building Best Estimator by Optuna !
2023-01-03 14:52:22,578 :: ERROR    :: [59850]MainProcess :: MainThread[4319053312] :: /Users/hjavedani/Documents/zoish/zoish/feature_selectors/recursive_feature_elimination.py :: 106 :: plot can not be saved in ../plots/single_optuna_search_classification_3 becuase of [Errno 2] No such file or directory: '../plots/single_optuna_search_classification_3.png'
2023-01-05 20:32:15,827 :: INFO     :: [81936]MainProcess :: MainThread[4502910464] :: /Users/hjavedani/Documents/zoish/zoish/feature_selectors/recursive_feature_addition.py :: 13 :: Recursive Feature Addition Feature Selector has started !
2023-01-05 20:32:15,835 :: INFO     :: [81936]MainProcess :: MainThread[4502910464] :: /Users/hjavedani/Documents/zoish/zoish/feature_selectors/recursive_feature_elimination.py :: 13 :: Recursive Feature Elimination Feature Selector has started !
2023-01-05 20:32:15,840 :: INFO     :: [81936]MainProcess :: MainThread[4502910464] :: /Users/hjavedani/Documents/zoish/zoish/feature_selectors/select_by_shuffling.py :: 13 :: Select By Shuffling Feature Selector has started !
2023-01-05 20:32:15,845 :: INFO     :: [81936]MainProcess :: MainThread[4502910464] :: /Users/hjavedani/Documents/zoish/zoish/feature_selectors/single_feature_selectors.py :: 13 :: Single Feature Performance Feature Selector has started !
2023-01-05 20:33:22,737 :: INFO     :: [81990]MainProcess :: MainThread[4608927232] :: /Users/hjavedani/Documents/zoish/zoish/feature_selectors/recursive_feature_addition.py :: 13 :: Recursive Feature Addition Feature Selector has started !
2023-01-05 20:33:22,739 :: INFO     :: [81990]MainProcess :: MainThread[4608927232] :: /Users/hjavedani/Documents/zoish/zoish/feature_selectors/recursive_feature_elimination.py :: 13 :: Recursive Feature Elimination Feature Selector has started !
2023-01-05 20:33:22,740 :: INFO     :: [81990]MainProcess :: MainThread[4608927232] :: /Users/hjavedani/Documents/zoish/zoish/feature_selectors/select_by_shuffling.py :: 13 :: Select By Shuffling Feature Selector has started !
2023-01-05 20:33:22,742 :: INFO     :: [81990]MainProcess :: MainThread[4608927232] :: /Users/hjavedani/Documents/zoish/zoish/feature_selectors/single_feature_selectors.py :: 13 :: Single Feature Performance Feature Selector has started !
2023-01-05 20:34:17,861 :: INFO     :: [82023]MainProcess :: MainThread[4508440064] :: /Users/hjavedani/Documents/zoish/zoish/feature_selectors/recursive_feature_addition.py :: 13 :: Recursive Feature Addition Feature Selector has started !
2023-01-05 20:34:17,862 :: INFO     :: [82023]MainProcess :: MainThread[4508440064] :: /Users/hjavedani/Documents/zoish/zoish/feature_selectors/recursive_feature_elimination.py :: 13 :: Recursive Feature Elimination Feature Selector has started !
2023-01-05 20:34:17,864 :: INFO     :: [82023]MainProcess :: MainThread[4508440064] :: /Users/hjavedani/Documents/zoish/zoish/feature_selectors/select_by_shuffling.py :: 13 :: Select By Shuffling Feature Selector has started !
2023-01-05 20:34:17,867 :: INFO     :: [82023]MainProcess :: MainThread[4508440064] :: /Users/hjavedani/Documents/zoish/zoish/feature_selectors/single_feature_selectors.py :: 13 :: Single Feature Performance Feature Selector has started !
2023-01-05 20:35:12,346 :: INFO     :: [82056]MainProcess :: MainThread[4597884416] :: /Users/hjavedani/Documents/zoish/zoish/feature_selectors/recursive_feature_addition.py :: 13 :: Recursive Feature Addition Feature Selector has started !
2023-01-05 20:35:12,348 :: INFO     :: [82056]MainProcess :: MainThread[4597884416] :: /Users/hjavedani/Documents/zoish/zoish/feature_selectors/recursive_feature_elimination.py :: 13 :: Recursive Feature Elimination Feature Selector has started !
2023-01-05 20:35:12,349 :: INFO     :: [82056]MainProcess :: MainThread[4597884416] :: /Users/hjavedani/Documents/zoish/zoish/feature_selectors/select_by_shuffling.py :: 13 :: Select By Shuffling Feature Selector has started !
2023-01-05 20:35:12,352 :: INFO     :: [82056]MainProcess :: MainThread[4597884416] :: /Users/hjavedani/Documents/zoish/zoish/feature_selectors/single_feature_selectors.py :: 13 :: Single Feature Performance Feature Selector has started !
2023-01-05 20:36:06,839 :: INFO     :: [82091]MainProcess :: MainThread[4588824064] :: /Users/hjavedani/Documents/zoish/zoish/feature_selectors/recursive_feature_addition.py :: 13 :: Recursive Feature Addition Feature Selector has started !
2023-01-05 20:36:06,841 :: INFO     :: [82091]MainProcess :: MainThread[4588824064] :: /Users/hjavedani/Documents/zoish/zoish/feature_selectors/recursive_feature_elimination.py :: 13 :: Recursive Feature Elimination Feature Selector has started !
2023-01-05 20:36:06,842 :: INFO     :: [82091]MainProcess :: MainThread[4588824064] :: /Users/hjavedani/Documents/zoish/zoish/feature_selectors/select_by_shuffling.py :: 13 :: Select By Shuffling Feature Selector has started !
2023-01-05 20:36:06,845 :: INFO     :: [82091]MainProcess :: MainThread[4588824064] :: /Users/hjavedani/Documents/zoish/zoish/feature_selectors/single_feature_selectors.py :: 13 :: Single Feature Performance Feature Selector has started !
2023-01-05 20:38:16,902 :: INFO     :: [82145]MainProcess :: MainThread[4652484096] :: /Users/hjavedani/Documents/zoish/zoish/feature_selectors/recursive_feature_addition.py :: 13 :: Recursive Feature Addition Feature Selector has started !
2023-01-05 20:38:16,903 :: INFO     :: [82145]MainProcess :: MainThread[4652484096] :: /Users/hjavedani/Documents/zoish/zoish/feature_selectors/recursive_feature_elimination.py :: 13 :: Recursive Feature Elimination Feature Selector has started !
2023-01-05 20:38:16,905 :: INFO     :: [82145]MainProcess :: MainThread[4652484096] :: /Users/hjavedani/Documents/zoish/zoish/feature_selectors/select_by_shuffling.py :: 13 :: Select By Shuffling Feature Selector has started !
2023-01-05 20:38:16,907 :: INFO     :: [82145]MainProcess :: MainThread[4652484096] :: /Users/hjavedani/Documents/zoish/zoish/feature_selectors/single_feature_selectors.py :: 13 :: Single Feature Performance Feature Selector has started !
2023-01-05 20:44:14,874 :: INFO     :: [82438]MainProcess :: MainThread[4541048320] :: /Users/hjavedani/Documents/zoish/zoish/feature_selectors/recursive_feature_addition.py :: 13 :: Recursive Feature Addition Feature Selector has started !
2023-01-05 20:44:14,875 :: INFO     :: [82438]MainProcess :: MainThread[4541048320] :: /Users/hjavedani/Documents/zoish/zoish/feature_selectors/recursive_feature_elimination.py :: 13 :: Recursive Feature Elimination Feature Selector has started !
2023-01-05 20:44:14,877 :: INFO     :: [82438]MainProcess :: MainThread[4541048320] :: /Users/hjavedani/Documents/zoish/zoish/feature_selectors/select_by_shuffling.py :: 13 :: Select By Shuffling Feature Selector has started !
2023-01-05 20:44:14,879 :: INFO     :: [82438]MainProcess :: MainThread[4541048320] :: /Users/hjavedani/Documents/zoish/zoish/feature_selectors/single_feature_selectors.py :: 13 :: Single Feature Performance Feature Selector has started !
2023-01-05 21:23:39,753 :: INFO     :: [83188]MainProcess :: MainThread[4530914816] :: /Users/hjavedani/Documents/zoish/zoish/feature_selectors/recursive_feature_addition.py :: 13 :: Recursive Feature Addition Feature Selector has started !
2023-01-05 21:23:39,755 :: INFO     :: [83188]MainProcess :: MainThread[4530914816] :: /Users/hjavedani/Documents/zoish/zoish/feature_selectors/recursive_feature_elimination.py :: 13 :: Recursive Feature Elimination Feature Selector has started !
2023-01-05 21:23:39,757 :: INFO     :: [83188]MainProcess :: MainThread[4530914816] :: /Users/hjavedani/Documents/zoish/zoish/feature_selectors/select_by_shuffling.py :: 13 :: Select By Shuffling Feature Selector has started !
2023-01-05 21:23:39,762 :: INFO     :: [83188]MainProcess :: MainThread[4530914816] :: /Users/hjavedani/Documents/zoish/zoish/feature_selectors/single_feature_selectors.py :: 13 :: Single Feature Performance Feature Selector has started !
2023-01-05 21:24:54,522 :: INFO     :: [83235]MainProcess :: MainThread[4384912896] :: /Users/hjavedani/Documents/zoish/zoish/feature_selectors/recursive_feature_addition.py :: 13 :: Recursive Feature Addition Feature Selector has started !
2023-01-05 21:24:54,524 :: INFO     :: [83235]MainProcess :: MainThread[4384912896] :: /Users/hjavedani/Documents/zoish/zoish/feature_selectors/recursive_feature_elimination.py :: 13 :: Recursive Feature Elimination Feature Selector has started !
2023-01-05 21:24:54,526 :: INFO     :: [83235]MainProcess :: MainThread[4384912896] :: /Users/hjavedani/Documents/zoish/zoish/feature_selectors/select_by_shuffling.py :: 13 :: Select By Shuffling Feature Selector has started !
2023-01-05 21:24:54,528 :: INFO     :: [83235]MainProcess :: MainThread[4384912896] :: /Users/hjavedani/Documents/zoish/zoish/feature_selectors/single_feature_selectors.py :: 13 :: Single Feature Performance Feature Selector has started !
2023-01-05 21:36:19,865 :: INFO     :: [83950]MainProcess :: MainThread[4805211648] :: /Users/hjavedani/Documents/zoish/zoish/feature_selectors/recursive_feature_addition.py :: 13 :: Recursive Feature Addition Feature Selector has started !
2023-01-05 21:36:19,867 :: INFO     :: [83950]MainProcess :: MainThread[4805211648] :: /Users/hjavedani/Documents/zoish/zoish/feature_selectors/recursive_feature_elimination.py :: 13 :: Recursive Feature Elimination Feature Selector has started !
2023-01-05 21:36:19,869 :: INFO     :: [83950]MainProcess :: MainThread[4805211648] :: /Users/hjavedani/Documents/zoish/zoish/feature_selectors/select_by_shuffling.py :: 13 :: Select By Shuffling Feature Selector has started !
2023-01-05 21:36:19,871 :: INFO     :: [83950]MainProcess :: MainThread[4805211648] :: /Users/hjavedani/Documents/zoish/zoish/feature_selectors/single_feature_selectors.py :: 13 :: Single Feature Performance Feature Selector has started !
2023-01-05 21:37:31,562 :: INFO     :: [83989]MainProcess :: MainThread[4484531712] :: /Users/hjavedani/Documents/zoish/zoish/feature_selectors/recursive_feature_addition.py :: 13 :: Recursive Feature Addition Feature Selector has started !
2023-01-05 21:37:31,564 :: INFO     :: [83989]MainProcess :: MainThread[4484531712] :: /Users/hjavedani/Documents/zoish/zoish/feature_selectors/recursive_feature_elimination.py :: 13 :: Recursive Feature Elimination Feature Selector has started !
2023-01-05 21:37:31,566 :: INFO     :: [83989]MainProcess :: MainThread[4484531712] :: /Users/hjavedani/Documents/zoish/zoish/feature_selectors/select_by_shuffling.py :: 13 :: Select By Shuffling Feature Selector has started !
2023-01-05 21:37:31,567 :: INFO     :: [83989]MainProcess :: MainThread[4484531712] :: /Users/hjavedani/Documents/zoish/zoish/feature_selectors/single_feature_selectors.py :: 13 :: Single Feature Performance Feature Selector has started !
2023-01-05 21:41:52,338 :: INFO     :: [84158]MainProcess :: MainThread[4616529408] :: /Users/hjavedani/Documents/zoish/zoish/feature_selectors/recursive_feature_addition.py :: 13 :: Recursive Feature Addition Feature Selector has started !
2023-01-05 21:41:52,340 :: INFO     :: [84158]MainProcess :: MainThread[4616529408] :: /Users/hjavedani/Documents/zoish/zoish/feature_selectors/recursive_feature_elimination.py :: 13 :: Recursive Feature Elimination Feature Selector has started !
2023-01-05 21:41:52,342 :: INFO     :: [84158]MainProcess :: MainThread[4616529408] :: /Users/hjavedani/Documents/zoish/zoish/feature_selectors/select_by_shuffling.py :: 13 :: Select By Shuffling Feature Selector has started !
2023-01-05 21:41:52,344 :: INFO     :: [84158]MainProcess :: MainThread[4616529408] :: /Users/hjavedani/Documents/zoish/zoish/feature_selectors/single_feature_selectors.py :: 13 :: Single Feature Performance Feature Selector has started !
2023-01-05 21:42:48,588 :: INFO     :: [84199]MainProcess :: MainThread[4585547264] :: /Users/hjavedani/Documents/zoish/zoish/feature_selectors/recursive_feature_addition.py :: 13 :: Recursive Feature Addition Feature Selector has started !
2023-01-05 21:42:48,590 :: INFO     :: [84199]MainProcess :: MainThread[4585547264] :: /Users/hjavedani/Documents/zoish/zoish/feature_selectors/recursive_feature_elimination.py :: 13 :: Recursive Feature Elimination Feature Selector has started !
2023-01-05 21:42:48,592 :: INFO     :: [84199]MainProcess :: MainThread[4585547264] :: /Users/hjavedani/Documents/zoish/zoish/feature_selectors/select_by_shuffling.py :: 13 :: Select By Shuffling Feature Selector has started !
2023-01-05 21:42:48,594 :: INFO     :: [84199]MainProcess :: MainThread[4585547264] :: /Users/hjavedani/Documents/zoish/zoish/feature_selectors/single_feature_selectors.py :: 13 :: Single Feature Performance Feature Selector has started !
2023-01-05 21:45:35,652 :: INFO     :: [84253]MainProcess :: MainThread[4567438848] :: /Users/hjavedani/Documents/zoish/zoish/feature_selectors/recursive_feature_addition.py :: 13 :: Recursive Feature Addition Feature Selector has started !
2023-01-05 21:45:35,665 :: INFO     :: [84253]MainProcess :: MainThread[4567438848] :: /Users/hjavedani/Documents/zoish/zoish/feature_selectors/recursive_feature_elimination.py :: 13 :: Recursive Feature Elimination Feature Selector has started !
2023-01-05 21:45:35,667 :: INFO     :: [84253]MainProcess :: MainThread[4567438848] :: /Users/hjavedani/Documents/zoish/zoish/feature_selectors/select_by_shuffling.py :: 13 :: Select By Shuffling Feature Selector has started !
2023-01-05 21:45:35,668 :: INFO     :: [84253]MainProcess :: MainThread[4567438848] :: /Users/hjavedani/Documents/zoish/zoish/feature_selectors/single_feature_selectors.py :: 13 :: Single Feature Performance Feature Selector has started !
2023-01-05 21:46:18,300 :: INFO     :: [84288]MainProcess :: MainThread[4588647936] :: /Users/hjavedani/Documents/zoish/zoish/feature_selectors/recursive_feature_addition.py :: 13 :: Recursive Feature Addition Feature Selector has started !
2023-01-05 21:46:18,301 :: INFO     :: [84288]MainProcess :: MainThread[4588647936] :: /Users/hjavedani/Documents/zoish/zoish/feature_selectors/recursive_feature_elimination.py :: 13 :: Recursive Feature Elimination Feature Selector has started !
2023-01-05 21:46:18,302 :: INFO     :: [84288]MainProcess :: MainThread[4588647936] :: /Users/hjavedani/Documents/zoish/zoish/feature_selectors/select_by_shuffling.py :: 13 :: Select By Shuffling Feature Selector has started !
2023-01-05 21:46:18,304 :: INFO     :: [84288]MainProcess :: MainThread[4588647936] :: /Users/hjavedani/Documents/zoish/zoish/feature_selectors/single_feature_selectors.py :: 13 :: Single Feature Performance Feature Selector has started !
2023-01-05 21:47:32,827 :: INFO     :: [84394]MainProcess :: MainThread[4570146304] :: /Users/hjavedani/Documents/zoish/zoish/feature_selectors/recursive_feature_addition.py :: 13 :: Recursive Feature Addition Feature Selector has started !
2023-01-05 21:47:32,828 :: INFO     :: [84394]MainProcess :: MainThread[4570146304] :: /Users/hjavedani/Documents/zoish/zoish/feature_selectors/recursive_feature_elimination.py :: 13 :: Recursive Feature Elimination Feature Selector has started !
2023-01-05 21:47:32,829 :: INFO     :: [84394]MainProcess :: MainThread[4570146304] :: /Users/hjavedani/Documents/zoish/zoish/feature_selectors/select_by_shuffling.py :: 13 :: Select By Shuffling Feature Selector has started !
2023-01-05 21:47:32,831 :: INFO     :: [84394]MainProcess :: MainThread[4570146304] :: /Users/hjavedani/Documents/zoish/zoish/feature_selectors/single_feature_selectors.py :: 13 :: Single Feature Performance Feature Selector has started !
2023-01-05 21:48:12,373 :: INFO     :: [84427]MainProcess :: MainThread[4587779584] :: /Users/hjavedani/Documents/zoish/zoish/feature_selectors/recursive_feature_addition.py :: 13 :: Recursive Feature Addition Feature Selector has started !
2023-01-05 21:48:12,375 :: INFO     :: [84427]MainProcess :: MainThread[4587779584] :: /Users/hjavedani/Documents/zoish/zoish/feature_selectors/recursive_feature_elimination.py :: 13 :: Recursive Feature Elimination Feature Selector has started !
2023-01-05 21:48:12,376 :: INFO     :: [84427]MainProcess :: MainThread[4587779584] :: /Users/hjavedani/Documents/zoish/zoish/feature_selectors/select_by_shuffling.py :: 13 :: Select By Shuffling Feature Selector has started !
2023-01-05 21:48:12,377 :: INFO     :: [84427]MainProcess :: MainThread[4587779584] :: /Users/hjavedani/Documents/zoish/zoish/feature_selectors/single_feature_selectors.py :: 13 :: Single Feature Performance Feature Selector has started !
2023-01-05 21:55:40,339 :: INFO     :: [84555]MainProcess :: MainThread[4628772352] :: /Users/hjavedani/Documents/zoish/zoish/feature_selectors/recursive_feature_addition.py :: 13 :: Recursive Feature Addition Feature Selector has started !
2023-01-05 21:55:40,340 :: INFO     :: [84555]MainProcess :: MainThread[4628772352] :: /Users/hjavedani/Documents/zoish/zoish/feature_selectors/recursive_feature_elimination.py :: 13 :: Recursive Feature Elimination Feature Selector has started !
2023-01-05 21:55:40,341 :: INFO     :: [84555]MainProcess :: MainThread[4628772352] :: /Users/hjavedani/Documents/zoish/zoish/feature_selectors/select_by_shuffling.py :: 13 :: Select By Shuffling Feature Selector has started !
2023-01-05 21:55:40,343 :: INFO     :: [84555]MainProcess :: MainThread[4628772352] :: /Users/hjavedani/Documents/zoish/zoish/feature_selectors/single_feature_selectors.py :: 13 :: Single Feature Performance Feature Selector has started !
2023-01-05 21:58:12,588 :: INFO     :: [84604]MainProcess :: MainThread[4581697024] :: /Users/hjavedani/Documents/zoish/zoish/feature_selectors/recursive_feature_addition.py :: 13 :: Recursive Feature Addition Feature Selector has started !
2023-01-05 21:58:12,589 :: INFO     :: [84604]MainProcess :: MainThread[4581697024] :: /Users/hjavedani/Documents/zoish/zoish/feature_selectors/recursive_feature_elimination.py :: 13 :: Recursive Feature Elimination Feature Selector has started !
2023-01-05 21:58:12,591 :: INFO     :: [84604]MainProcess :: MainThread[4581697024] :: /Users/hjavedani/Documents/zoish/zoish/feature_selectors/select_by_shuffling.py :: 13 :: Select By Shuffling Feature Selector has started !
2023-01-05 21:58:12,592 :: INFO     :: [84604]MainProcess :: MainThread[4581697024] :: /Users/hjavedani/Documents/zoish/zoish/feature_selectors/single_feature_selectors.py :: 13 :: Single Feature Performance Feature Selector has started !
2023-01-06 12:46:51,366 :: INFO     :: [89047]MainProcess :: MainThread[4748019200] :: /Users/hjavedani/Documents/zoish/zoish/feature_selectors/recursive_feature_addition.py :: 13 :: Recursive Feature Addition Feature Selector has started !
2023-01-06 12:46:51,375 :: INFO     :: [89047]MainProcess :: MainThread[4748019200] :: /Users/hjavedani/Documents/zoish/zoish/feature_selectors/recursive_feature_elimination.py :: 13 :: Recursive Feature Elimination Feature Selector has started !
2023-01-06 12:46:51,382 :: INFO     :: [89047]MainProcess :: MainThread[4748019200] :: /Users/hjavedani/Documents/zoish/zoish/feature_selectors/select_by_shuffling.py :: 13 :: Select By Shuffling Feature Selector has started !
2023-01-06 12:46:51,385 :: INFO     :: [89047]MainProcess :: MainThread[4748019200] :: /Users/hjavedani/Documents/zoish/zoish/feature_selectors/single_feature_selectors.py :: 13 :: Single Feature Performance Feature Selector has started !
2023-01-06 12:51:19,633 :: INFO     :: [89115]MainProcess :: MainThread[4683757056] :: /Users/hjavedani/Documents/zoish/zoish/feature_selectors/recursive_feature_addition.py :: 13 :: Recursive Feature Addition Feature Selector has started !
2023-01-06 12:51:19,634 :: INFO     :: [89115]MainProcess :: MainThread[4683757056] :: /Users/hjavedani/Documents/zoish/zoish/feature_selectors/recursive_feature_elimination.py :: 13 :: Recursive Feature Elimination Feature Selector has started !
2023-01-06 12:51:19,635 :: INFO     :: [89115]MainProcess :: MainThread[4683757056] :: /Users/hjavedani/Documents/zoish/zoish/feature_selectors/select_by_shuffling.py :: 13 :: Select By Shuffling Feature Selector has started !
2023-01-06 12:51:19,636 :: INFO     :: [89115]MainProcess :: MainThread[4683757056] :: /Users/hjavedani/Documents/zoish/zoish/feature_selectors/single_feature_selectors.py :: 13 :: Single Feature Performance Feature Selector has started !
2023-01-06 12:53:39,970 :: INFO     :: [89236]MainProcess :: MainThread[4437362176] :: /Users/hjavedani/Documents/zoish/zoish/feature_selectors/recursive_feature_addition.py :: 13 :: Recursive Feature Addition Feature Selector has started !
2023-01-06 12:53:39,972 :: INFO     :: [89236]MainProcess :: MainThread[4437362176] :: /Users/hjavedani/Documents/zoish/zoish/feature_selectors/recursive_feature_elimination.py :: 13 :: Recursive Feature Elimination Feature Selector has started !
2023-01-06 12:53:39,973 :: INFO     :: [89236]MainProcess :: MainThread[4437362176] :: /Users/hjavedani/Documents/zoish/zoish/feature_selectors/select_by_shuffling.py :: 13 :: Select By Shuffling Feature Selector has started !
2023-01-06 12:53:39,974 :: INFO     :: [89236]MainProcess :: MainThread[4437362176] :: /Users/hjavedani/Documents/zoish/zoish/feature_selectors/single_feature_selectors.py :: 13 :: Single Feature Performance Feature Selector has started !
2023-01-06 12:55:25,866 :: INFO     :: [89397]MainProcess :: MainThread[4731180544] :: /Users/hjavedani/Documents/zoish/zoish/feature_selectors/recursive_feature_addition.py :: 13 :: Recursive Feature Addition Feature Selector has started !
2023-01-06 12:55:25,868 :: INFO     :: [89397]MainProcess :: MainThread[4731180544] :: /Users/hjavedani/Documents/zoish/zoish/feature_selectors/recursive_feature_elimination.py :: 13 :: Recursive Feature Elimination Feature Selector has started !
2023-01-06 12:55:25,870 :: INFO     :: [89397]MainProcess :: MainThread[4731180544] :: /Users/hjavedani/Documents/zoish/zoish/feature_selectors/select_by_shuffling.py :: 13 :: Select By Shuffling Feature Selector has started !
2023-01-06 12:55:25,872 :: INFO     :: [89397]MainProcess :: MainThread[4731180544] :: /Users/hjavedani/Documents/zoish/zoish/feature_selectors/single_feature_selectors.py :: 13 :: Single Feature Performance Feature Selector has started !
2023-01-06 12:59:09,497 :: INFO     :: [89464]MainProcess :: MainThread[4602926592] :: /Users/hjavedani/Documents/zoish/zoish/feature_selectors/recursive_feature_addition.py :: 13 :: Recursive Feature Addition Feature Selector has started !
2023-01-06 12:59:09,498 :: INFO     :: [89464]MainProcess :: MainThread[4602926592] :: /Users/hjavedani/Documents/zoish/zoish/feature_selectors/recursive_feature_elimination.py :: 13 :: Recursive Feature Elimination Feature Selector has started !
2023-01-06 12:59:09,500 :: INFO     :: [89464]MainProcess :: MainThread[4602926592] :: /Users/hjavedani/Documents/zoish/zoish/feature_selectors/select_by_shuffling.py :: 13 :: Select By Shuffling Feature Selector has started !
2023-01-06 12:59:09,501 :: INFO     :: [89464]MainProcess :: MainThread[4602926592] :: /Users/hjavedani/Documents/zoish/zoish/feature_selectors/single_feature_selectors.py :: 13 :: Single Feature Performance Feature Selector has started !
2023-01-06 12:59:51,027 :: INFO     :: [89499]MainProcess :: MainThread[4515792384] :: /Users/hjavedani/Documents/zoish/zoish/feature_selectors/recursive_feature_addition.py :: 13 :: Recursive Feature Addition Feature Selector has started !
2023-01-06 12:59:51,028 :: INFO     :: [89499]MainProcess :: MainThread[4515792384] :: /Users/hjavedani/Documents/zoish/zoish/feature_selectors/recursive_feature_elimination.py :: 13 :: Recursive Feature Elimination Feature Selector has started !
2023-01-06 12:59:51,030 :: INFO     :: [89499]MainProcess :: MainThread[4515792384] :: /Users/hjavedani/Documents/zoish/zoish/feature_selectors/select_by_shuffling.py :: 13 :: Select By Shuffling Feature Selector has started !
2023-01-06 12:59:51,031 :: INFO     :: [89499]MainProcess :: MainThread[4515792384] :: /Users/hjavedani/Documents/zoish/zoish/feature_selectors/single_feature_selectors.py :: 13 :: Single Feature Performance Feature Selector has started !
2023-01-06 12:59:52,387 :: INFO     :: [89499]MainProcess :: MainThread[4515792384] :: /Users/hjavedani/Documents/zoish/zoish/base_classes/best_estimator_getters.py :: 325 :: Building Best Estimator by Optuna !
2023-01-06 13:00:27,528 :: INFO     :: [89527]MainProcess :: MainThread[4682114560] :: /Users/hjavedani/Documents/zoish/zoish/feature_selectors/recursive_feature_addition.py :: 13 :: Recursive Feature Addition Feature Selector has started !
2023-01-06 13:00:27,529 :: INFO     :: [89527]MainProcess :: MainThread[4682114560] :: /Users/hjavedani/Documents/zoish/zoish/feature_selectors/recursive_feature_elimination.py :: 13 :: Recursive Feature Elimination Feature Selector has started !
2023-01-06 13:00:27,530 :: INFO     :: [89527]MainProcess :: MainThread[4682114560] :: /Users/hjavedani/Documents/zoish/zoish/feature_selectors/select_by_shuffling.py :: 13 :: Select By Shuffling Feature Selector has started !
2023-01-06 13:00:27,531 :: INFO     :: [89527]MainProcess :: MainThread[4682114560] :: /Users/hjavedani/Documents/zoish/zoish/feature_selectors/single_feature_selectors.py :: 13 :: Single Feature Performance Feature Selector has started !
2023-01-06 13:00:28,818 :: INFO     :: [89527]MainProcess :: MainThread[4682114560] :: /Users/hjavedani/Documents/zoish/zoish/base_classes/best_estimator_getters.py :: 325 :: Building Best Estimator by Optuna !
